{"time": "2019-05-11 19:53:54,859", "level": "DEBUG", "file": "/home/john/py/sqlcheck/sqlcheck.py", "function": "validate", "line": 79, "message": "validation_string: table_one"}
{"time": "2019-05-11 19:53:54,859", "level": "DEBUG", "file": "/home/john/py/sqlcheck/sqlcheck.py", "function": "validate", "line": 80, "message": "sql_statement: SELECT * FROM table_one"}
{"time": "2019-05-11 19:53:54,859", "level": "DEBUG", "file": "/home/john/py/sqlcheck/sqlcheck.py", "function": "validate", "line": 84, "message": "validation_string: table_two"}
{"time": "2019-05-11 19:53:54,859", "level": "DEBUG", "file": "/home/john/py/sqlcheck/sqlcheck.py", "function": "validate", "line": 85, "message": "sql_statement: SELECT * FROM table_one"}
{"time": "2019-05-11 19:53:54,859", "level": "DEBUG", "file": "/home/john/py/sqlcheck/sqlcheck.py", "function": "validate", "line": 84, "message": "validation_string: MAX(id)"}
{"time": "2019-05-11 19:53:54,859", "level": "DEBUG", "file": "/home/john/py/sqlcheck/sqlcheck.py", "function": "validate", "line": 85, "message": "sql_statement: SELECT * FROM table_one"}
{"time": "2019-05-11 19:53:54,859", "level": "DEBUG", "file": "/home/john/py/sqlcheck/sqlcheck.py", "function": "validate", "line": 90, "message": "validation_string: UPDATE table_one SET"}
{"time": "2019-05-11 19:53:54,860", "level": "DEBUG", "file": "/home/john/py/sqlcheck/sqlcheck.py", "function": "validate", "line": 91, "message": "sql_statement: UPDATE table_one SET "}
{"time": "2019-05-11 19:53:54,860", "level": "DEBUG", "file": "/home/john/py/sqlcheck/sqlcheck.py", "function": "validate", "line": 84, "message": "validation_string: table_one"}
{"time": "2019-05-11 19:53:54,860", "level": "DEBUG", "file": "/home/john/py/sqlcheck/sqlcheck.py", "function": "validate", "line": 85, "message": "sql_statement: SELECT id FROM table_two)"}
{"time": "2019-05-11 19:53:54,860", "level": "DEBUG", "file": "/home/john/py/sqlcheck/sqlcheck.py", "function": "validate", "line": 79, "message": "validation_string: table_two"}
{"time": "2019-05-11 19:53:54,860", "level": "DEBUG", "file": "/home/john/py/sqlcheck/sqlcheck.py", "function": "validate", "line": 80, "message": "sql_statement: SELECT id FROM table_two)"}
{"time": "2019-05-11 19:53:54,860", "level": "DEBUG", "file": "/home/john/py/sqlcheck/sqlcheck.py", "function": "validate", "line": 84, "message": "validation_string: MAX(id)"}
{"time": "2019-05-11 19:53:54,860", "level": "DEBUG", "file": "/home/john/py/sqlcheck/sqlcheck.py", "function": "validate", "line": 85, "message": "sql_statement: SELECT id FROM table_two)"}
{"time": "2019-05-11 19:53:54,860", "level": "DEBUG", "file": "/home/john/py/sqlcheck/sqlcheck.py", "function": "validate", "line": 95, "message": "validation_string: INSERT INTO table_three VALUE(SELECT MAX(id) + 1 FROM table_three),"}
{"time": "2019-05-11 19:53:54,860", "level": "DEBUG", "file": "/home/john/py/sqlcheck/sqlcheck.py", "function": "validate", "line": 96, "message": "sql_statement: INSERT INTO table_one WHERE (SELECT id FROM table_two)"}
{"time": "2019-05-11 19:53:54,860", "level": "DEBUG", "file": "/home/john/py/sqlcheck/sqlcheck.py", "function": "validate", "line": 84, "message": "validation_string: table_one"}
{"time": "2019-05-11 19:53:54,860", "level": "DEBUG", "file": "/home/john/py/sqlcheck/sqlcheck.py", "function": "validate", "line": 85, "message": "sql_statement: SELECT column_one FROM table_two"}
{"time": "2019-05-11 19:53:54,860", "level": "DEBUG", "file": "/home/john/py/sqlcheck/sqlcheck.py", "function": "validate", "line": 79, "message": "validation_string: table_two"}
{"time": "2019-05-11 19:53:54,860", "level": "DEBUG", "file": "/home/john/py/sqlcheck/sqlcheck.py", "function": "validate", "line": 80, "message": "sql_statement: SELECT column_one FROM table_two"}
{"time": "2019-05-11 19:53:54,860", "level": "DEBUG", "file": "/home/john/py/sqlcheck/sqlcheck.py", "function": "validate", "line": 84, "message": "validation_string: MAX(id)"}
{"time": "2019-05-11 19:53:54,860", "level": "DEBUG", "file": "/home/john/py/sqlcheck/sqlcheck.py", "function": "validate", "line": 85, "message": "sql_statement: SELECT column_one FROM table_two"}
{"time": "2019-05-11 19:53:54,860", "level": "DEBUG", "file": "/home/john/py/sqlcheck/sqlcheck.py", "function": "send", "line": 59, "message": "defaultdict(<class 'dict'>, {0: {'command': 'SELECT * FROM table_one', 'checked': [True, True, True], 'valid': [True, False, False], 'committed': False, 'select': ['SELECT * FROM table_one'], 'insert': [], 'update': [], 'detected': 1}, 1: {'command': 'UPDATE table_one SET ', 'checked': [True], 'valid': [True], 'committed': True, 'select': [], 'insert': [], 'update': ['UPDATE table_one SET '], 'detected': 1}, 2: {'command': 'INSERT INTO table_one WHERE (SELECT id FROM table_two)', 'checked': [True, True, True, True], 'valid': [False, True, False, False], 'committed': False, 'select': ['SELECT id FROM table_two)'], 'insert': ['INSERT INTO table_one WHERE (SELECT id FROM table_two)'], 'update': [], 'detected': 2}, 3: {'command': 'DROP TABLE table_three', 'checked': [], 'valid': [], 'committed': True, 'select': [], 'insert': [], 'update': [], 'detected': 0}, 4: {'command': 'SELECT column_one FROM table_two', 'checked': [True, True, True], 'valid': [False, True, False], 'committed': False, 'select': ['SELECT column_one FROM table_two'], 'insert': [], 'update': [], 'detected': 1}})"}
{"time": "2019-05-11 19:55:48,401", "level": "DEBUG", "file": "/home/john/py/sqlcheck/sqlcheck.py", "function": "validate", "line": 79, "message": "validation_string: table_one"}
{"time": "2019-05-11 19:55:48,401", "level": "DEBUG", "file": "/home/john/py/sqlcheck/sqlcheck.py", "function": "validate", "line": 80, "message": "sql_statement: SELECT * FROM table_one"}
{"time": "2019-05-11 19:55:48,401", "level": "DEBUG", "file": "/home/john/py/sqlcheck/sqlcheck.py", "function": "validate", "line": 84, "message": "validation_string: table_two"}
{"time": "2019-05-11 19:55:48,401", "level": "DEBUG", "file": "/home/john/py/sqlcheck/sqlcheck.py", "function": "validate", "line": 85, "message": "sql_statement: SELECT * FROM table_one"}
{"time": "2019-05-11 19:55:48,401", "level": "DEBUG", "file": "/home/john/py/sqlcheck/sqlcheck.py", "function": "validate", "line": 84, "message": "validation_string: MAX(id)"}
{"time": "2019-05-11 19:55:48,401", "level": "DEBUG", "file": "/home/john/py/sqlcheck/sqlcheck.py", "function": "validate", "line": 85, "message": "sql_statement: SELECT * FROM table_one"}
{"time": "2019-05-11 19:55:48,401", "level": "DEBUG", "file": "/home/john/py/sqlcheck/sqlcheck.py", "function": "validate", "line": 90, "message": "validation_string: UPDATE table_one SET"}
{"time": "2019-05-11 19:55:48,401", "level": "DEBUG", "file": "/home/john/py/sqlcheck/sqlcheck.py", "function": "validate", "line": 91, "message": "sql_statement: UPDATE table_one SET "}
{"time": "2019-05-11 19:55:48,402", "level": "DEBUG", "file": "/home/john/py/sqlcheck/sqlcheck.py", "function": "validate", "line": 84, "message": "validation_string: table_one"}
{"time": "2019-05-11 19:55:48,402", "level": "DEBUG", "file": "/home/john/py/sqlcheck/sqlcheck.py", "function": "validate", "line": 85, "message": "sql_statement: SELECT id FROM table_two)"}
{"time": "2019-05-11 19:55:48,402", "level": "DEBUG", "file": "/home/john/py/sqlcheck/sqlcheck.py", "function": "validate", "line": 79, "message": "validation_string: table_two"}
{"time": "2019-05-11 19:55:48,402", "level": "DEBUG", "file": "/home/john/py/sqlcheck/sqlcheck.py", "function": "validate", "line": 80, "message": "sql_statement: SELECT id FROM table_two)"}
{"time": "2019-05-11 19:55:48,402", "level": "DEBUG", "file": "/home/john/py/sqlcheck/sqlcheck.py", "function": "validate", "line": 84, "message": "validation_string: MAX(id)"}
{"time": "2019-05-11 19:55:48,402", "level": "DEBUG", "file": "/home/john/py/sqlcheck/sqlcheck.py", "function": "validate", "line": 85, "message": "sql_statement: SELECT id FROM table_two)"}
{"time": "2019-05-11 19:55:48,402", "level": "DEBUG", "file": "/home/john/py/sqlcheck/sqlcheck.py", "function": "validate", "line": 95, "message": "validation_string: INSERT INTO table_three VALUE(SELECT MAX(id) + 1 FROM table_three),"}
{"time": "2019-05-11 19:55:48,402", "level": "DEBUG", "file": "/home/john/py/sqlcheck/sqlcheck.py", "function": "validate", "line": 96, "message": "sql_statement: INSERT INTO table_one WHERE (SELECT id FROM table_two)"}
{"time": "2019-05-11 19:55:48,402", "level": "DEBUG", "file": "/home/john/py/sqlcheck/sqlcheck.py", "function": "validate", "line": 84, "message": "validation_string: table_one"}
{"time": "2019-05-11 19:55:48,402", "level": "DEBUG", "file": "/home/john/py/sqlcheck/sqlcheck.py", "function": "validate", "line": 85, "message": "sql_statement: SELECT column_one FROM table_two"}
{"time": "2019-05-11 19:55:48,402", "level": "DEBUG", "file": "/home/john/py/sqlcheck/sqlcheck.py", "function": "validate", "line": 79, "message": "validation_string: table_two"}
{"time": "2019-05-11 19:55:48,402", "level": "DEBUG", "file": "/home/john/py/sqlcheck/sqlcheck.py", "function": "validate", "line": 80, "message": "sql_statement: SELECT column_one FROM table_two"}
{"time": "2019-05-11 19:55:48,402", "level": "DEBUG", "file": "/home/john/py/sqlcheck/sqlcheck.py", "function": "validate", "line": 84, "message": "validation_string: MAX(id)"}
{"time": "2019-05-11 19:55:48,402", "level": "DEBUG", "file": "/home/john/py/sqlcheck/sqlcheck.py", "function": "validate", "line": 85, "message": "sql_statement: SELECT column_one FROM table_two"}
{"time": "2019-05-11 19:55:48,402", "level": "DEBUG", "file": "/home/john/py/sqlcheck/sqlcheck.py", "function": "send", "line": 59, "message": "defaultdict(<class 'dict'>, {0: {'command': 'SELECT * FROM table_one', 'checked': [True, True, True], 'valid': [True, False, False], 'committed': False, 'select': ['SELECT * FROM table_one'], 'insert': [], 'update': [], 'detected': 1}, 1: {'command': 'UPDATE table_one SET ', 'checked': [True], 'valid': [True], 'committed': True, 'select': [], 'insert': [], 'update': ['UPDATE table_one SET '], 'detected': 1}, 2: {'command': 'INSERT INTO table_one WHERE (SELECT id FROM table_two)', 'checked': [True, True, True, True], 'valid': [False, True, False, False], 'committed': False, 'select': ['SELECT id FROM table_two)'], 'insert': ['INSERT INTO table_one WHERE (SELECT id FROM table_two)'], 'update': [], 'detected': 2}, 3: {'command': 'DROP TABLE table_three', 'checked': [], 'valid': [], 'committed': True, 'select': [], 'insert': [], 'update': [], 'detected': 0}, 4: {'command': 'SELECT column_one FROM table_two', 'checked': [True, True, True], 'valid': [False, True, False], 'committed': False, 'select': ['SELECT column_one FROM table_two'], 'insert': [], 'update': [], 'detected': 1}})"}
